modelo.excecoes.CampeonatoDadoIncorretoException: Não existem lutadores suficientes para o chaveamento
	at modelo.Campeonato.chaveamento(Campeonato.java:182)
	at aplicacao.campeonato.GerenciarCampeonato.jmiAdicionarCategoriaMousePressed(GerenciarCampeonato.java:627)
	at aplicacao.campeonato.GerenciarCampeonato.access$1000(GerenciarCampeonato.java:26)
	at aplicacao.campeonato.GerenciarCampeonato$7.mousePressed(GerenciarCampeonato.java:319)
	at java.awt.AWTEventMulticaster.mousePressed(AWTEventMulticaster.java:263)
	at java.awt.Component.processMouseEvent(Component.java:6038)
	at javax.swing.JComponent.processMouseEvent(JComponent.java:3265)
	at java.awt.Component.processEvent(Component.java:5806)
	at java.awt.Container.processEvent(Container.java:2058)
	at java.awt.Component.dispatchEventImpl(Component.java:4413)
	at java.awt.Container.dispatchEventImpl(Container.java:2116)
	at java.awt.Component.dispatchEvent(Component.java:4243)
	at java.awt.LightweightDispatcher.retargetMouseEvent(Container.java:4322)
	at java.awt.LightweightDispatcher.processMouseEvent(Container.java:3983)
	at java.awt.LightweightDispatcher.dispatchEvent(Container.java:3916)
	at java.awt.Container.dispatchEventImpl(Container.java:2102)
	at java.awt.Window.dispatchEventImpl(Window.java:2440)
	at java.awt.Component.dispatchEvent(Component.java:4243)
	at java.awt.EventQueue.dispatchEvent(EventQueue.java:599)
	at java.awt.EventDispatchThread.pumpOneEventForFilters(EventDispatchThread.java:273)
	at java.awt.EventDispatchThread.pumpEventsForFilter(EventDispatchThread.java:183)
	at java.awt.EventDispatchThread.pumpEventsForFilter(EventDispatchThread.java:177)
	at java.awt.Dialog$1.run(Dialog.java:1045)
	at java.awt.Dialog$3.run(Dialog.java:1097)
	at java.security.AccessController.doPrivileged(Native Method)
	at java.awt.Dialog.show(Dialog.java:1095)
	at java.awt.Component.show(Component.java:1422)
	at java.awt.Component.setVisible(Component.java:1375)
	at java.awt.Window.setVisible(Window.java:806)
	at java.awt.Dialog.setVisible(Dialog.java:985)
	at aplicacao.campeonato.CRUDCampeonato.jmGerenciarMousePressed(CRUDCampeonato.java:315)
	at aplicacao.campeonato.CRUDCampeonato.access$600(CRUDCampeonato.java:33)
	at aplicacao.campeonato.CRUDCampeonato$7.mousePressed(CRUDCampeonato.java:252)
	at java.awt.AWTEventMulticaster.mousePressed(AWTEventMulticaster.java:263)
	at java.awt.Component.processMouseEvent(Component.java:6038)
	at javax.swing.JComponent.processMouseEvent(JComponent.java:3265)
	at java.awt.Component.processEvent(Component.java:5806)
	at java.awt.Container.processEvent(Container.java:2058)
	at java.awt.Component.dispatchEventImpl(Component.java:4413)
	at java.awt.Container.dispatchEventImpl(Container.java:2116)
	at java.awt.Component.dispatchEvent(Component.java:4243)
	at java.awt.LightweightDispatcher.retargetMouseEvent(Container.java:4322)
	at java.awt.LightweightDispatcher.processMouseEvent(Container.java:3983)
	at java.awt.LightweightDispatcher.dispatchEvent(Container.java:3916)
	at java.awt.Container.dispatchEventImpl(Container.java:2102)
	at java.awt.Window.dispatchEventImpl(Window.java:2440)
	at java.awt.Component.dispatchEvent(Component.java:4243)
	at java.awt.EventQueue.dispatchEvent(EventQueue.java:599)
	at java.awt.EventDispatchThread.pumpOneEventForFilters(EventDispatchThread.java:273)
	at java.awt.EventDispatchThread.pumpEventsForFilter(EventDispatchThread.java:183)
	at java.awt.EventDispatchThread.pumpEventsForFilter(EventDispatchThread.java:177)
	at java.awt.Dialog$1.run(Dialog.java:1045)
	at java.awt.Dialog$3.run(Dialog.java:1097)
	at java.security.AccessController.doPrivileged(Native Method)
	at java.awt.Dialog.show(Dialog.java:1095)
	at java.awt.Component.show(Component.java:1422)
	at java.awt.Component.setVisible(Component.java:1375)
	at java.awt.Window.setVisible(Window.java:806)
	at java.awt.Dialog.setVisible(Dialog.java:985)
	at aplicacao.campeonato.CRUDCampeonato.<init>(CRUDCampeonato.java:91)
	at aplicacao.Principal.jmCampeonatosMousePressed(Principal.java:125)
	at aplicacao.Principal.access$300(Principal.java:13)
	at aplicacao.Principal$4.mousePressed(Principal.java:92)
	at java.awt.AWTEventMulticaster.mousePressed(AWTEventMulticaster.java:262)
	at java.awt.Component.processMouseEvent(Component.java:6038)
	at javax.swing.JComponent.processMouseEvent(JComponent.java:3265)
	at java.awt.Component.processEvent(Component.java:5806)
	at java.awt.Container.processEvent(Container.java:2058)
	at java.awt.Component.dispatchEventImpl(Component.java:4413)
	at java.awt.Container.dispatchEventImpl(Container.java:2116)
	at java.awt.Component.dispatchEvent(Component.java:4243)
	at java.awt.LightweightDispatcher.retargetMouseEvent(Container.java:4322)
	at java.awt.LightweightDispatcher.processMouseEvent(Container.java:3983)
	at java.awt.LightweightDispatcher.dispatchEvent(Container.java:3916)
	at java.awt.Container.dispatchEventImpl(Container.java:2102)
	at java.awt.Window.dispatchEventImpl(Window.java:2440)
	at java.awt.Component.dispatchEvent(Component.java:4243)
	at java.awt.EventQueue.dispatchEvent(EventQueue.java:599)
	at java.awt.EventDispatchThread.pumpOneEventForFilters(EventDispatchThread.java:273)
	at java.awt.EventDispatchThread.pumpEventsForFilter(EventDispatchThread.java:183)
	at java.awt.EventDispatchThread.pumpEventsForHierarchy(EventDispatchThread.java:173)
	at java.awt.EventDispatchThread.pumpEvents(EventDispatchThread.java:168)
	at java.awt.EventDispatchThread.pumpEvents(EventDispatchThread.java:160)
	at java.awt.EventDispatchThread.run(EventDispatchThread.java:121)
